{"/Users/lazy/Code/crack/claude/metronome/miniapp/pages/index/index.js": {"path":"/Users/lazy/Code/crack/claude/metronome/miniapp/pages/index/index.js","all":false,"statementMap":{"0":{"start":{"line":1,"column":0},"end":{"line":1,"column":17}},"1":{"start":{"line":2,"column":0},"end":{"line":2,"column":34}},"2":{"start":{"line":3,"column":0},"end":{"line":3,"column":0}},"3":{"start":{"line":4,"column":0},"end":{"line":4,"column":63}},"4":{"start":{"line":5,"column":0},"end":{"line":5,"column":20}},"5":{"start":{"line":6,"column":0},"end":{"line":6,"column":63}},"6":{"start":{"line":7,"column":0},"end":{"line":7,"column":20}},"7":{"start":{"line":8,"column":0},"end":{"line":8,"column":17}},"8":{"start":{"line":9,"column":0},"end":{"line":9,"column":25}},"9":{"start":{"line":10,"column":0},"end":{"line":10,"column":18}},"10":{"start":{"line":11,"column":0},"end":{"line":11,"column":18}},"11":{"start":{"line":12,"column":0},"end":{"line":12,"column":19}},"12":{"start":{"line":13,"column":0},"end":{"line":13,"column":17}},"13":{"start":{"line":14,"column":0},"end":{"line":14,"column":20}},"14":{"start":{"line":15,"column":0},"end":{"line":15,"column":6}},"15":{"start":{"line":16,"column":0},"end":{"line":16,"column":3}},"16":{"start":{"line":17,"column":0},"end":{"line":17,"column":0}},"17":{"start":{"line":18,"column":0},"end":{"line":18,"column":10}},"18":{"start":{"line":19,"column":0},"end":{"line":19,"column":29}},"19":{"start":{"line":20,"column":0},"end":{"line":20,"column":24}},"20":{"start":{"line":21,"column":0},"end":{"line":21,"column":0}},"21":{"start":{"line":22,"column":0},"end":{"line":22,"column":14}},"22":{"start":{"line":23,"column":0},"end":{"line":23,"column":39}},"23":{"start":{"line":24,"column":0},"end":{"line":24,"column":19}},"24":{"start":{"line":25,"column":0},"end":{"line":25,"column":32}},"25":{"start":{"line":26,"column":0},"end":{"line":26,"column":28}},"26":{"start":{"line":27,"column":0},"end":{"line":27,"column":34}},"27":{"start":{"line":28,"column":0},"end":{"line":28,"column":6}},"28":{"start":{"line":29,"column":0},"end":{"line":29,"column":54}},"29":{"start":{"line":30,"column":0},"end":{"line":30,"column":47}},"30":{"start":{"line":31,"column":0},"end":{"line":31,"column":34}},"31":{"start":{"line":32,"column":0},"end":{"line":32,"column":23}},"32":{"start":{"line":33,"column":0},"end":{"line":33,"column":27}},"33":{"start":{"line":34,"column":0},"end":{"line":34,"column":23}},"34":{"start":{"line":35,"column":0},"end":{"line":35,"column":71}},"35":{"start":{"line":36,"column":0},"end":{"line":36,"column":28}},"36":{"start":{"line":37,"column":0},"end":{"line":37,"column":5}},"37":{"start":{"line":38,"column":0},"end":{"line":38,"column":39}},"38":{"start":{"line":39,"column":0},"end":{"line":39,"column":3}},"39":{"start":{"line":40,"column":0},"end":{"line":40,"column":0}},"40":{"start":{"line":41,"column":0},"end":{"line":41,"column":13}},"41":{"start":{"line":42,"column":0},"end":{"line":42,"column":32}},"42":{"start":{"line":43,"column":0},"end":{"line":43,"column":21}},"43":{"start":{"line":44,"column":0},"end":{"line":44,"column":16}},"44":{"start":{"line":45,"column":0},"end":{"line":45,"column":15}},"45":{"start":{"line":46,"column":0},"end":{"line":46,"column":3}},"46":{"start":{"line":47,"column":0},"end":{"line":47,"column":1}},"47":{"start":{"line":48,"column":0},"end":{"line":48,"column":0}},"48":{"start":{"line":49,"column":0},"end":{"line":49,"column":40}},"49":{"start":{"line":50,"column":0},"end":{"line":50,"column":0}},"50":{"start":{"line":51,"column":0},"end":{"line":51,"column":0}},"51":{"start":{"line":52,"column":0},"end":{"line":52,"column":63}},"52":{"start":{"line":53,"column":0},"end":{"line":53,"column":10}},"53":{"start":{"line":54,"column":0},"end":{"line":54,"column":63}},"54":{"start":{"line":55,"column":0},"end":{"line":55,"column":19}},"55":{"start":{"line":56,"column":0},"end":{"line":56,"column":30}},"56":{"start":{"line":57,"column":0},"end":{"line":57,"column":31}},"57":{"start":{"line":58,"column":0},"end":{"line":58,"column":31}},"58":{"start":{"line":59,"column":0},"end":{"line":59,"column":31}},"59":{"start":{"line":60,"column":0},"end":{"line":60,"column":31}},"60":{"start":{"line":61,"column":0},"end":{"line":61,"column":30}},"61":{"start":{"line":62,"column":0},"end":{"line":62,"column":2}},"62":{"start":{"line":63,"column":0},"end":{"line":63,"column":0}},"63":{"start":{"line":64,"column":0},"end":{"line":64,"column":14}},"64":{"start":{"line":65,"column":0},"end":{"line":65,"column":23}},"65":{"start":{"line":66,"column":0},"end":{"line":66,"column":11}},"66":{"start":{"line":67,"column":0},"end":{"line":67,"column":30}},"67":{"start":{"line":68,"column":0},"end":{"line":68,"column":28}},"68":{"start":{"line":69,"column":0},"end":{"line":69,"column":31}},"69":{"start":{"line":70,"column":0},"end":{"line":70,"column":2}},"70":{"start":{"line":71,"column":0},"end":{"line":71,"column":0}},"71":{"start":{"line":72,"column":0},"end":{"line":72,"column":6}},"72":{"start":{"line":73,"column":0},"end":{"line":73,"column":9}},"73":{"start":{"line":74,"column":0},"end":{"line":74,"column":11}},"74":{"start":{"line":75,"column":0},"end":{"line":75,"column":27}},"75":{"start":{"line":76,"column":0},"end":{"line":76,"column":19}},"76":{"start":{"line":77,"column":0},"end":{"line":77,"column":32}},"77":{"start":{"line":78,"column":0},"end":{"line":78,"column":32}},"78":{"start":{"line":79,"column":0},"end":{"line":79,"column":24}},"79":{"start":{"line":80,"column":0},"end":{"line":80,"column":0}},"80":{"start":{"line":81,"column":0},"end":{"line":81,"column":9}},"81":{"start":{"line":82,"column":0},"end":{"line":82,"column":24}},"82":{"start":{"line":83,"column":0},"end":{"line":83,"column":22}},"83":{"start":{"line":84,"column":0},"end":{"line":84,"column":21}},"84":{"start":{"line":85,"column":0},"end":{"line":85,"column":20}},"85":{"start":{"line":86,"column":0},"end":{"line":86,"column":4}},"86":{"start":{"line":87,"column":0},"end":{"line":87,"column":0}},"87":{"start":{"line":88,"column":0},"end":{"line":88,"column":61}},"88":{"start":{"line":89,"column":0},"end":{"line":89,"column":9}},"89":{"start":{"line":90,"column":0},"end":{"line":90,"column":61}},"90":{"start":{"line":91,"column":0},"end":{"line":91,"column":12}},"91":{"start":{"line":92,"column":0},"end":{"line":92,"column":22}},"92":{"start":{"line":93,"column":0},"end":{"line":93,"column":24}},"93":{"start":{"line":94,"column":0},"end":{"line":94,"column":64}},"94":{"start":{"line":95,"column":0},"end":{"line":95,"column":4}},"95":{"start":{"line":96,"column":0},"end":{"line":96,"column":0}},"96":{"start":{"line":97,"column":0},"end":{"line":97,"column":12}},"97":{"start":{"line":98,"column":0},"end":{"line":98,"column":30}},"98":{"start":{"line":99,"column":0},"end":{"line":99,"column":35}},"99":{"start":{"line":100,"column":0},"end":{"line":100,"column":4}},"100":{"start":{"line":101,"column":0},"end":{"line":101,"column":0}},"101":{"start":{"line":102,"column":0},"end":{"line":102,"column":12}},"102":{"start":{"line":103,"column":0},"end":{"line":103,"column":32}},"103":{"start":{"line":104,"column":0},"end":{"line":104,"column":28}},"104":{"start":{"line":105,"column":0},"end":{"line":105,"column":19}},"105":{"start":{"line":106,"column":0},"end":{"line":106,"column":5}},"106":{"start":{"line":107,"column":0},"end":{"line":107,"column":52}},"107":{"start":{"line":108,"column":0},"end":{"line":108,"column":4}},"108":{"start":{"line":109,"column":0},"end":{"line":109,"column":0}},"109":{"start":{"line":110,"column":0},"end":{"line":110,"column":14}},"110":{"start":{"line":111,"column":0},"end":{"line":111,"column":21}},"111":{"start":{"line":112,"column":0},"end":{"line":112,"column":4}},"112":{"start":{"line":113,"column":0},"end":{"line":113,"column":0}},"113":{"start":{"line":114,"column":0},"end":{"line":114,"column":0}},"114":{"start":{"line":115,"column":0},"end":{"line":115,"column":61}},"115":{"start":{"line":116,"column":0},"end":{"line":116,"column":9}},"116":{"start":{"line":117,"column":0},"end":{"line":117,"column":61}},"117":{"start":{"line":118,"column":0},"end":{"line":118,"column":16}},"118":{"start":{"line":119,"column":0},"end":{"line":119,"column":9}},"119":{"start":{"line":120,"column":0},"end":{"line":120,"column":51}},"120":{"start":{"line":121,"column":0},"end":{"line":121,"column":18}},"121":{"start":{"line":122,"column":0},"end":{"line":122,"column":51}},"122":{"start":{"line":123,"column":0},"end":{"line":123,"column":48}},"123":{"start":{"line":124,"column":0},"end":{"line":124,"column":48}},"124":{"start":{"line":125,"column":0},"end":{"line":125,"column":73}},"125":{"start":{"line":126,"column":0},"end":{"line":126,"column":63}},"126":{"start":{"line":127,"column":0},"end":{"line":127,"column":29}},"127":{"start":{"line":128,"column":0},"end":{"line":128,"column":34}},"128":{"start":{"line":129,"column":0},"end":{"line":129,"column":22}},"129":{"start":{"line":130,"column":0},"end":{"line":130,"column":14}},"130":{"start":{"line":131,"column":0},"end":{"line":131,"column":24}},"131":{"start":{"line":132,"column":0},"end":{"line":132,"column":26}},"132":{"start":{"line":133,"column":0},"end":{"line":133,"column":34}},"133":{"start":{"line":134,"column":0},"end":{"line":134,"column":33}},"134":{"start":{"line":135,"column":0},"end":{"line":135,"column":11}},"135":{"start":{"line":136,"column":0},"end":{"line":136,"column":56}},"136":{"start":{"line":137,"column":0},"end":{"line":137,"column":7}},"137":{"start":{"line":138,"column":0},"end":{"line":138,"column":17}},"138":{"start":{"line":139,"column":0},"end":{"line":139,"column":59}},"139":{"start":{"line":140,"column":0},"end":{"line":140,"column":5}},"140":{"start":{"line":141,"column":0},"end":{"line":141,"column":4}},"141":{"start":{"line":142,"column":0},"end":{"line":142,"column":0}},"142":{"start":{"line":143,"column":0},"end":{"line":143,"column":16}},"143":{"start":{"line":144,"column":0},"end":{"line":144,"column":9}},"144":{"start":{"line":145,"column":0},"end":{"line":145,"column":32}},"145":{"start":{"line":146,"column":0},"end":{"line":146,"column":38}},"146":{"start":{"line":147,"column":0},"end":{"line":147,"column":53}},"147":{"start":{"line":148,"column":0},"end":{"line":148,"column":44}},"148":{"start":{"line":149,"column":0},"end":{"line":149,"column":69}},"149":{"start":{"line":150,"column":0},"end":{"line":150,"column":17}},"150":{"start":{"line":151,"column":0},"end":{"line":151,"column":59}},"151":{"start":{"line":152,"column":0},"end":{"line":152,"column":5}},"152":{"start":{"line":153,"column":0},"end":{"line":153,"column":4}},"153":{"start":{"line":154,"column":0},"end":{"line":154,"column":0}},"154":{"start":{"line":155,"column":0},"end":{"line":155,"column":61}},"155":{"start":{"line":156,"column":0},"end":{"line":156,"column":12}},"156":{"start":{"line":157,"column":0},"end":{"line":157,"column":61}},"157":{"start":{"line":158,"column":0},"end":{"line":158,"column":19}},"158":{"start":{"line":159,"column":0},"end":{"line":159,"column":48}},"159":{"start":{"line":160,"column":0},"end":{"line":160,"column":4}},"160":{"start":{"line":161,"column":0},"end":{"line":161,"column":0}},"161":{"start":{"line":162,"column":0},"end":{"line":162,"column":18}},"162":{"start":{"line":163,"column":0},"end":{"line":163,"column":36}},"163":{"start":{"line":164,"column":0},"end":{"line":164,"column":35}},"164":{"start":{"line":165,"column":0},"end":{"line":165,"column":21}},"165":{"start":{"line":166,"column":0},"end":{"line":166,"column":34}},"166":{"start":{"line":167,"column":0},"end":{"line":167,"column":25}},"167":{"start":{"line":168,"column":0},"end":{"line":168,"column":44}},"168":{"start":{"line":169,"column":0},"end":{"line":169,"column":29}},"169":{"start":{"line":170,"column":0},"end":{"line":170,"column":7}},"170":{"start":{"line":171,"column":0},"end":{"line":171,"column":59}},"171":{"start":{"line":172,"column":0},"end":{"line":172,"column":5}},"172":{"start":{"line":173,"column":0},"end":{"line":173,"column":28}},"173":{"start":{"line":174,"column":0},"end":{"line":174,"column":4}},"174":{"start":{"line":175,"column":0},"end":{"line":175,"column":0}},"175":{"start":{"line":176,"column":0},"end":{"line":176,"column":0}},"176":{"start":{"line":177,"column":0},"end":{"line":177,"column":61}},"177":{"start":{"line":178,"column":0},"end":{"line":178,"column":9}},"178":{"start":{"line":179,"column":0},"end":{"line":179,"column":61}},"179":{"start":{"line":180,"column":0},"end":{"line":180,"column":12}},"180":{"start":{"line":181,"column":0},"end":{"line":181,"column":28}},"181":{"start":{"line":182,"column":0},"end":{"line":182,"column":19}},"182":{"start":{"line":183,"column":0},"end":{"line":183,"column":12}},"183":{"start":{"line":184,"column":0},"end":{"line":184,"column":20}},"184":{"start":{"line":185,"column":0},"end":{"line":185,"column":5}},"185":{"start":{"line":186,"column":0},"end":{"line":186,"column":4}},"186":{"start":{"line":187,"column":0},"end":{"line":187,"column":0}},"187":{"start":{"line":188,"column":0},"end":{"line":188,"column":16}},"188":{"start":{"line":189,"column":0},"end":{"line":189,"column":36}},"189":{"start":{"line":190,"column":0},"end":{"line":190,"column":4}},"190":{"start":{"line":191,"column":0},"end":{"line":191,"column":0}},"191":{"start":{"line":192,"column":0},"end":{"line":192,"column":15}},"192":{"start":{"line":193,"column":0},"end":{"line":193,"column":36}},"193":{"start":{"line":194,"column":0},"end":{"line":194,"column":4}},"194":{"start":{"line":195,"column":0},"end":{"line":195,"column":0}},"195":{"start":{"line":196,"column":0},"end":{"line":196,"column":18}},"196":{"start":{"line":197,"column":0},"end":{"line":197,"column":43}},"197":{"start":{"line":198,"column":0},"end":{"line":198,"column":4}},"198":{"start":{"line":199,"column":0},"end":{"line":199,"column":0}},"199":{"start":{"line":200,"column":0},"end":{"line":200,"column":20}},"200":{"start":{"line":201,"column":0},"end":{"line":201,"column":25}},"201":{"start":{"line":202,"column":0},"end":{"line":202,"column":52}},"202":{"start":{"line":203,"column":0},"end":{"line":203,"column":4}},"203":{"start":{"line":204,"column":0},"end":{"line":204,"column":0}},"204":{"start":{"line":205,"column":0},"end":{"line":205,"column":19}},"205":{"start":{"line":206,"column":0},"end":{"line":206,"column":46}},"206":{"start":{"line":207,"column":0},"end":{"line":207,"column":69}},"207":{"start":{"line":208,"column":0},"end":{"line":208,"column":33}},"208":{"start":{"line":209,"column":0},"end":{"line":209,"column":37}},"209":{"start":{"line":210,"column":0},"end":{"line":210,"column":38}},"210":{"start":{"line":211,"column":0},"end":{"line":211,"column":24}},"211":{"start":{"line":212,"column":0},"end":{"line":212,"column":22}},"212":{"start":{"line":213,"column":0},"end":{"line":213,"column":40}},"213":{"start":{"line":214,"column":0},"end":{"line":214,"column":28}},"214":{"start":{"line":215,"column":0},"end":{"line":215,"column":19}},"215":{"start":{"line":216,"column":0},"end":{"line":216,"column":20}},"216":{"start":{"line":217,"column":0},"end":{"line":217,"column":5}},"217":{"start":{"line":218,"column":0},"end":{"line":218,"column":63}},"218":{"start":{"line":219,"column":0},"end":{"line":219,"column":4}},"219":{"start":{"line":220,"column":0},"end":{"line":220,"column":0}},"220":{"start":{"line":221,"column":0},"end":{"line":221,"column":22}},"221":{"start":{"line":222,"column":0},"end":{"line":222,"column":44}},"222":{"start":{"line":223,"column":0},"end":{"line":223,"column":34}},"223":{"start":{"line":224,"column":0},"end":{"line":224,"column":18}},"224":{"start":{"line":225,"column":0},"end":{"line":225,"column":22}},"225":{"start":{"line":226,"column":0},"end":{"line":226,"column":21}},"226":{"start":{"line":227,"column":0},"end":{"line":227,"column":20}},"227":{"start":{"line":228,"column":0},"end":{"line":228,"column":7}},"228":{"start":{"line":229,"column":0},"end":{"line":229,"column":24}},"229":{"start":{"line":230,"column":0},"end":{"line":230,"column":22}},"230":{"start":{"line":231,"column":0},"end":{"line":231,"column":21}},"231":{"start":{"line":232,"column":0},"end":{"line":232,"column":28}},"232":{"start":{"line":233,"column":0},"end":{"line":233,"column":19}},"233":{"start":{"line":234,"column":0},"end":{"line":234,"column":20}},"234":{"start":{"line":235,"column":0},"end":{"line":235,"column":5}},"235":{"start":{"line":236,"column":0},"end":{"line":236,"column":57}},"236":{"start":{"line":237,"column":0},"end":{"line":237,"column":4}},"237":{"start":{"line":238,"column":0},"end":{"line":238,"column":0}},"238":{"start":{"line":239,"column":0},"end":{"line":239,"column":25}},"239":{"start":{"line":240,"column":0},"end":{"line":240,"column":50}},"240":{"start":{"line":241,"column":0},"end":{"line":241,"column":4}},"241":{"start":{"line":242,"column":0},"end":{"line":242,"column":0}},"242":{"start":{"line":243,"column":0},"end":{"line":243,"column":24}},"243":{"start":{"line":244,"column":0},"end":{"line":244,"column":49}},"244":{"start":{"line":245,"column":0},"end":{"line":245,"column":4}},"245":{"start":{"line":246,"column":0},"end":{"line":246,"column":0}},"246":{"start":{"line":247,"column":0},"end":{"line":247,"column":19}},"247":{"start":{"line":248,"column":0},"end":{"line":248,"column":51}},"248":{"start":{"line":249,"column":0},"end":{"line":249,"column":50}},"249":{"start":{"line":250,"column":0},"end":{"line":250,"column":28}},"250":{"start":{"line":251,"column":0},"end":{"line":251,"column":38}},"251":{"start":{"line":252,"column":0},"end":{"line":252,"column":24}},"252":{"start":{"line":253,"column":0},"end":{"line":253,"column":22}},"253":{"start":{"line":254,"column":0},"end":{"line":254,"column":28}},"254":{"start":{"line":255,"column":0},"end":{"line":255,"column":19}},"255":{"start":{"line":256,"column":0},"end":{"line":256,"column":20}},"256":{"start":{"line":257,"column":0},"end":{"line":257,"column":5}},"257":{"start":{"line":258,"column":0},"end":{"line":258,"column":4}},"258":{"start":{"line":259,"column":0},"end":{"line":259,"column":0}},"259":{"start":{"line":260,"column":0},"end":{"line":260,"column":22}},"260":{"start":{"line":261,"column":0},"end":{"line":261,"column":60}},"261":{"start":{"line":262,"column":0},"end":{"line":262,"column":4}},"262":{"start":{"line":263,"column":0},"end":{"line":263,"column":0}},"263":{"start":{"line":264,"column":0},"end":{"line":264,"column":0}},"264":{"start":{"line":265,"column":0},"end":{"line":265,"column":61}},"265":{"start":{"line":266,"column":0},"end":{"line":266,"column":11}},"266":{"start":{"line":267,"column":0},"end":{"line":267,"column":61}},"267":{"start":{"line":268,"column":0},"end":{"line":268,"column":14}},"268":{"start":{"line":269,"column":0},"end":{"line":269,"column":50}},"269":{"start":{"line":270,"column":0},"end":{"line":270,"column":30}},"270":{"start":{"line":271,"column":0},"end":{"line":271,"column":31}},"271":{"start":{"line":272,"column":0},"end":{"line":272,"column":0}},"272":{"start":{"line":273,"column":0},"end":{"line":273,"column":34}},"273":{"start":{"line":274,"column":0},"end":{"line":274,"column":22}},"274":{"start":{"line":275,"column":0},"end":{"line":275,"column":0}},"275":{"start":{"line":276,"column":0},"end":{"line":276,"column":21}},"276":{"start":{"line":277,"column":0},"end":{"line":277,"column":28}},"277":{"start":{"line":278,"column":0},"end":{"line":278,"column":23}},"278":{"start":{"line":279,"column":0},"end":{"line":279,"column":24}},"279":{"start":{"line":280,"column":0},"end":{"line":280,"column":21}},"280":{"start":{"line":281,"column":0},"end":{"line":281,"column":19}},"281":{"start":{"line":282,"column":0},"end":{"line":282,"column":5}},"282":{"start":{"line":283,"column":0},"end":{"line":283,"column":55}},"283":{"start":{"line":284,"column":0},"end":{"line":284,"column":4}},"284":{"start":{"line":285,"column":0},"end":{"line":285,"column":0}},"285":{"start":{"line":286,"column":0},"end":{"line":286,"column":0}},"286":{"start":{"line":287,"column":0},"end":{"line":287,"column":61}},"287":{"start":{"line":288,"column":0},"end":{"line":288,"column":12}},"288":{"start":{"line":289,"column":0},"end":{"line":289,"column":61}},"289":{"start":{"line":290,"column":0},"end":{"line":290,"column":12}},"290":{"start":{"line":291,"column":0},"end":{"line":291,"column":37}},"291":{"start":{"line":292,"column":0},"end":{"line":292,"column":24}},"292":{"start":{"line":293,"column":0},"end":{"line":293,"column":26}},"293":{"start":{"line":294,"column":0},"end":{"line":294,"column":22}},"294":{"start":{"line":295,"column":0},"end":{"line":295,"column":36}},"295":{"start":{"line":296,"column":0},"end":{"line":296,"column":64}},"296":{"start":{"line":297,"column":0},"end":{"line":297,"column":4}},"297":{"start":{"line":298,"column":0},"end":{"line":298,"column":0}},"298":{"start":{"line":299,"column":0},"end":{"line":299,"column":11}},"299":{"start":{"line":300,"column":0},"end":{"line":300,"column":21}},"300":{"start":{"line":301,"column":0},"end":{"line":301,"column":16}},"301":{"start":{"line":302,"column":0},"end":{"line":302,"column":70}},"302":{"start":{"line":303,"column":0},"end":{"line":303,"column":44}},"303":{"start":{"line":304,"column":0},"end":{"line":304,"column":39}},"304":{"start":{"line":305,"column":0},"end":{"line":305,"column":4}},"305":{"start":{"line":306,"column":0},"end":{"line":306,"column":0}},"306":{"start":{"line":307,"column":0},"end":{"line":307,"column":16}},"307":{"start":{"line":308,"column":0},"end":{"line":308,"column":43}},"308":{"start":{"line":309,"column":0},"end":{"line":309,"column":22}},"309":{"start":{"line":310,"column":0},"end":{"line":310,"column":44}},"310":{"start":{"line":311,"column":0},"end":{"line":311,"column":32}},"311":{"start":{"line":312,"column":0},"end":{"line":312,"column":49}},"312":{"start":{"line":313,"column":0},"end":{"line":313,"column":37}},"313":{"start":{"line":314,"column":0},"end":{"line":314,"column":44}},"314":{"start":{"line":315,"column":0},"end":{"line":315,"column":29}},"315":{"start":{"line":316,"column":0},"end":{"line":316,"column":43}},"316":{"start":{"line":317,"column":0},"end":{"line":317,"column":22}},"317":{"start":{"line":318,"column":0},"end":{"line":318,"column":40}},"318":{"start":{"line":319,"column":0},"end":{"line":319,"column":51}},"319":{"start":{"line":320,"column":0},"end":{"line":320,"column":14}},"320":{"start":{"line":321,"column":0},"end":{"line":321,"column":38}},"321":{"start":{"line":322,"column":0},"end":{"line":322,"column":21}},"322":{"start":{"line":323,"column":0},"end":{"line":323,"column":7}},"323":{"start":{"line":324,"column":0},"end":{"line":324,"column":19}},"324":{"start":{"line":325,"column":0},"end":{"line":325,"column":35}},"325":{"start":{"line":326,"column":0},"end":{"line":326,"column":43}},"326":{"start":{"line":327,"column":0},"end":{"line":327,"column":53}},"327":{"start":{"line":328,"column":0},"end":{"line":328,"column":49}},"328":{"start":{"line":329,"column":0},"end":{"line":329,"column":7}},"329":{"start":{"line":330,"column":0},"end":{"line":330,"column":17}},"330":{"start":{"line":331,"column":0},"end":{"line":331,"column":4}},"331":{"start":{"line":332,"column":0},"end":{"line":332,"column":0}},"332":{"start":{"line":333,"column":0},"end":{"line":333,"column":15}},"333":{"start":{"line":334,"column":0},"end":{"line":334,"column":22}},"334":{"start":{"line":335,"column":0},"end":{"line":335,"column":33}},"335":{"start":{"line":336,"column":0},"end":{"line":336,"column":25}},"336":{"start":{"line":337,"column":0},"end":{"line":337,"column":5}},"337":{"start":{"line":338,"column":0},"end":{"line":338,"column":4}},"338":{"start":{"line":339,"column":0},"end":{"line":339,"column":0}},"339":{"start":{"line":340,"column":0},"end":{"line":340,"column":0}},"340":{"start":{"line":341,"column":0},"end":{"line":341,"column":61}},"341":{"start":{"line":342,"column":0},"end":{"line":342,"column":9}},"342":{"start":{"line":343,"column":0},"end":{"line":343,"column":61}},"343":{"start":{"line":344,"column":0},"end":{"line":344,"column":11}},"344":{"start":{"line":345,"column":0},"end":{"line":345,"column":35}},"345":{"start":{"line":346,"column":0},"end":{"line":346,"column":36}},"346":{"start":{"line":347,"column":0},"end":{"line":347,"column":33}},"347":{"start":{"line":348,"column":0},"end":{"line":348,"column":0}},"348":{"start":{"line":349,"column":0},"end":{"line":349,"column":21}},"349":{"start":{"line":350,"column":0},"end":{"line":350,"column":50}},"350":{"start":{"line":351,"column":0},"end":{"line":351,"column":11}},"351":{"start":{"line":352,"column":0},"end":{"line":352,"column":23}},"352":{"start":{"line":353,"column":0},"end":{"line":353,"column":8}},"353":{"start":{"line":354,"column":0},"end":{"line":354,"column":28}},"354":{"start":{"line":355,"column":0},"end":{"line":355,"column":0}},"355":{"start":{"line":356,"column":0},"end":{"line":356,"column":14}},"356":{"start":{"line":357,"column":0},"end":{"line":357,"column":31}},"357":{"start":{"line":358,"column":0},"end":{"line":358,"column":54}},"358":{"start":{"line":359,"column":0},"end":{"line":359,"column":34}},"359":{"start":{"line":360,"column":0},"end":{"line":360,"column":35}},"360":{"start":{"line":361,"column":0},"end":{"line":361,"column":5}},"361":{"start":{"line":362,"column":0},"end":{"line":362,"column":0}},"362":{"start":{"line":363,"column":0},"end":{"line":363,"column":16}},"363":{"start":{"line":364,"column":0},"end":{"line":364,"column":38}},"364":{"start":{"line":365,"column":0},"end":{"line":365,"column":4}},"365":{"start":{"line":366,"column":0},"end":{"line":366,"column":0}},"366":{"start":{"line":367,"column":0},"end":{"line":367,"column":3}}},"s":{"0":1,"1":1,"2":1,"3":1,"4":1,"5":1,"6":1,"7":1,"8":1,"9":1,"10":1,"11":1,"12":1,"13":1,"14":1,"15":1,"16":1,"17":1,"18":4,"19":1,"20":1,"21":1,"22":1,"23":1,"24":1,"25":1,"26":1,"27":1,"28":4,"29":3,"30":3,"31":3,"32":3,"33":3,"34":3,"35":3,"36":3,"37":1,"38":4,"39":1,"40":1,"41":6,"42":6,"43":6,"44":6,"45":6,"46":1,"47":1,"48":1,"49":1,"50":1,"51":1,"52":1,"53":1,"54":1,"55":1,"56":1,"57":1,"58":1,"59":1,"60":1,"61":1,"62":1,"63":1,"64":1,"65":1,"66":1,"67":1,"68":1,"69":1,"70":1,"71":1,"72":1,"73":1,"74":1,"75":1,"76":1,"77":1,"78":1,"79":1,"80":1,"81":1,"82":1,"83":1,"84":1,"85":1,"86":1,"87":1,"88":1,"89":1,"90":1,"91":1,"92":1,"93":1,"94":1,"95":1,"96":1,"97":1,"98":1,"99":1,"100":1,"101":1,"102":2,"103":2,"104":1,"105":1,"106":2,"107":1,"108":1,"109":1,"110":1,"111":1,"112":1,"113":1,"114":1,"115":1,"116":1,"117":1,"118":3,"119":3,"120":3,"121":2,"122":2,"123":2,"124":2,"125":2,"126":2,"127":2,"128":2,"129":2,"130":2,"131":2,"132":2,"133":2,"134":2,"135":2,"136":2,"137":3,"138":0,"139":0,"140":1,"141":1,"142":1,"143":10,"144":10,"145":10,"146":10,"147":10,"148":10,"149":10,"150":0,"151":0,"152":1,"153":1,"154":1,"155":1,"156":1,"157":1,"158":28,"159":1,"160":1,"161":1,"162":8,"163":8,"164":8,"165":8,"166":32,"167":32,"168":2,"169":2,"170":32,"171":32,"172":8,"173":1,"174":1,"175":1,"176":1,"177":1,"178":1,"179":1,"180":2,"181":1,"182":1,"183":1,"184":1,"185":1,"186":1,"187":1,"188":1,"189":1,"190":1,"191":1,"192":1,"193":1,"194":1,"195":1,"196":1,"197":1,"198":1,"199":1,"200":1,"201":1,"202":1,"203":1,"204":1,"205":2,"206":2,"207":2,"208":1,"209":1,"210":1,"211":1,"212":1,"213":1,"214":1,"215":1,"216":1,"217":1,"218":1,"219":1,"220":1,"221":1,"222":1,"223":1,"224":1,"225":1,"226":1,"227":1,"228":1,"229":1,"230":1,"231":1,"232":0,"233":0,"234":0,"235":1,"236":1,"237":1,"238":1,"239":1,"240":1,"241":1,"242":1,"243":1,"244":1,"245":1,"246":1,"247":1,"248":1,"249":1,"250":1,"251":1,"252":1,"253":1,"254":0,"255":0,"256":0,"257":1,"258":1,"259":1,"260":2,"261":1,"262":1,"263":1,"264":1,"265":1,"266":1,"267":1,"268":8,"269":8,"270":8,"271":7,"272":7,"273":7,"274":7,"275":7,"276":8,"277":2,"278":2,"279":2,"280":2,"281":2,"282":7,"283":1,"284":1,"285":1,"286":1,"287":1,"288":1,"289":1,"290":4,"291":4,"292":4,"293":4,"294":4,"295":4,"296":1,"297":1,"298":1,"299":5,"300":5,"301":5,"302":5,"303":5,"304":1,"305":1,"306":1,"307":6,"308":6,"309":6,"310":6,"311":6,"312":6,"313":0,"314":0,"315":0,"316":0,"317":0,"318":0,"319":0,"320":0,"321":0,"322":0,"323":0,"324":0,"325":0,"326":0,"327":0,"328":0,"329":6,"330":1,"331":1,"332":1,"333":6,"334":2,"335":2,"336":2,"337":1,"338":1,"339":1,"340":1,"341":1,"342":1,"343":1,"344":6,"345":6,"346":6,"347":6,"348":6,"349":6,"350":23,"351":23,"352":6,"353":6,"354":6,"355":6,"356":6,"357":0,"358":6,"359":6,"360":6,"361":6,"362":6,"363":6,"364":1,"365":1,"366":1},"branchMap":{"0":{"type":"branch","line":8,"loc":{"start":{"line":8,"column":2},"end":{"line":16,"column":3}},"locations":[{"start":{"line":8,"column":2},"end":{"line":16,"column":3}}]},"1":{"type":"branch","line":18,"loc":{"start":{"line":18,"column":2},"end":{"line":39,"column":3}},"locations":[{"start":{"line":18,"column":2},"end":{"line":39,"column":3}}]},"2":{"type":"branch","line":19,"loc":{"start":{"line":19,"column":22},"end":{"line":19,"column":29}},"locations":[{"start":{"line":19,"column":22},"end":{"line":19,"column":29}}]},"3":{"type":"branch","line":20,"loc":{"start":{"line":20,"column":-1},"end":{"line":29,"column":53}},"locations":[{"start":{"line":20,"column":-1},"end":{"line":29,"column":53}}]},"4":{"type":"branch","line":29,"loc":{"start":{"line":29,"column":53},"end":{"line":37,"column":5}},"locations":[{"start":{"line":29,"column":53},"end":{"line":37,"column":5}}]},"5":{"type":"branch","line":38,"loc":{"start":{"line":38,"column":-1},"end":{"line":39,"column":2}},"locations":[{"start":{"line":38,"column":-1},"end":{"line":39,"column":2}}]},"6":{"type":"branch","line":41,"loc":{"start":{"line":41,"column":2},"end":{"line":46,"column":3}},"locations":[{"start":{"line":41,"column":2},"end":{"line":46,"column":3}}]},"7":{"type":"branch","line":43,"loc":{"start":{"line":43,"column":14},"end":{"line":43,"column":21}},"locations":[{"start":{"line":43,"column":14},"end":{"line":43,"column":21}}]},"8":{"type":"branch","line":91,"loc":{"start":{"line":91,"column":2},"end":{"line":95,"column":3}},"locations":[{"start":{"line":91,"column":2},"end":{"line":95,"column":3}}]},"9":{"type":"branch","line":97,"loc":{"start":{"line":97,"column":2},"end":{"line":100,"column":3}},"locations":[{"start":{"line":97,"column":2},"end":{"line":100,"column":3}}]},"10":{"type":"branch","line":102,"loc":{"start":{"line":102,"column":2},"end":{"line":108,"column":3}},"locations":[{"start":{"line":102,"column":2},"end":{"line":108,"column":3}}]},"11":{"type":"branch","line":104,"loc":{"start":{"line":104,"column":27},"end":{"line":106,"column":5}},"locations":[{"start":{"line":104,"column":27},"end":{"line":106,"column":5}}]},"12":{"type":"branch","line":110,"loc":{"start":{"line":110,"column":2},"end":{"line":112,"column":3}},"locations":[{"start":{"line":110,"column":2},"end":{"line":112,"column":3}}]},"13":{"type":"branch","line":118,"loc":{"start":{"line":118,"column":2},"end":{"line":141,"column":3}},"locations":[{"start":{"line":118,"column":2},"end":{"line":141,"column":3}}]},"14":{"type":"branch","line":121,"loc":{"start":{"line":121,"column":17},"end":{"line":137,"column":7}},"locations":[{"start":{"line":121,"column":17},"end":{"line":137,"column":7}}]},"15":{"type":"branch","line":122,"loc":{"start":{"line":122,"column":30},"end":{"line":122,"column":50}},"locations":[{"start":{"line":122,"column":30},"end":{"line":122,"column":50}}]},"16":{"type":"branch","line":123,"loc":{"start":{"line":123,"column":28},"end":{"line":123,"column":47}},"locations":[{"start":{"line":123,"column":28},"end":{"line":123,"column":47}}]},"17":{"type":"branch","line":124,"loc":{"start":{"line":124,"column":28},"end":{"line":124,"column":47}},"locations":[{"start":{"line":124,"column":28},"end":{"line":124,"column":47}}]},"18":{"type":"branch","line":125,"loc":{"start":{"line":125,"column":47},"end":{"line":125,"column":72}},"locations":[{"start":{"line":125,"column":47},"end":{"line":125,"column":72}}]},"19":{"type":"branch","line":126,"loc":{"start":{"line":126,"column":10},"end":{"line":126,"column":20}},"locations":[{"start":{"line":126,"column":10},"end":{"line":126,"column":20}}]},"20":{"type":"branch","line":127,"loc":{"start":{"line":127,"column":10},"end":{"line":127,"column":28}},"locations":[{"start":{"line":127,"column":10},"end":{"line":127,"column":28}}]},"21":{"type":"branch","line":138,"loc":{"start":{"line":138,"column":6},"end":{"line":140,"column":5}},"locations":[{"start":{"line":138,"column":6},"end":{"line":140,"column":5}}]},"22":{"type":"branch","line":143,"loc":{"start":{"line":143,"column":2},"end":{"line":153,"column":3}},"locations":[{"start":{"line":143,"column":2},"end":{"line":153,"column":3}}]},"23":{"type":"branch","line":147,"loc":{"start":{"line":147,"column":48},"end":{"line":147,"column":52}},"locations":[{"start":{"line":147,"column":48},"end":{"line":147,"column":52}}]},"24":{"type":"branch","line":150,"loc":{"start":{"line":150,"column":6},"end":{"line":152,"column":5}},"locations":[{"start":{"line":150,"column":6},"end":{"line":152,"column":5}}]},"25":{"type":"branch","line":158,"loc":{"start":{"line":158,"column":2},"end":{"line":160,"column":3}},"locations":[{"start":{"line":158,"column":2},"end":{"line":160,"column":3}}]},"26":{"type":"branch","line":159,"loc":{"start":{"line":159,"column":43},"end":{"line":159,"column":47}},"locations":[{"start":{"line":159,"column":43},"end":{"line":159,"column":47}}]},"27":{"type":"branch","line":162,"loc":{"start":{"line":162,"column":2},"end":{"line":174,"column":3}},"locations":[{"start":{"line":162,"column":2},"end":{"line":174,"column":3}}]},"28":{"type":"branch","line":166,"loc":{"start":{"line":166,"column":33},"end":{"line":172,"column":5}},"locations":[{"start":{"line":166,"column":33},"end":{"line":172,"column":5}}]},"29":{"type":"branch","line":168,"loc":{"start":{"line":168,"column":31},"end":{"line":168,"column":41}},"locations":[{"start":{"line":168,"column":31},"end":{"line":168,"column":41}}]},"30":{"type":"branch","line":168,"loc":{"start":{"line":168,"column":43},"end":{"line":170,"column":7}},"locations":[{"start":{"line":168,"column":43},"end":{"line":170,"column":7}}]},"31":{"type":"branch","line":180,"loc":{"start":{"line":180,"column":2},"end":{"line":186,"column":3}},"locations":[{"start":{"line":180,"column":2},"end":{"line":186,"column":3}}]},"32":{"type":"branch","line":181,"loc":{"start":{"line":181,"column":27},"end":{"line":185,"column":5}},"locations":[{"start":{"line":181,"column":27},"end":{"line":185,"column":5}}]},"33":{"type":"branch","line":188,"loc":{"start":{"line":188,"column":2},"end":{"line":190,"column":3}},"locations":[{"start":{"line":188,"column":2},"end":{"line":190,"column":3}}]},"34":{"type":"branch","line":192,"loc":{"start":{"line":192,"column":2},"end":{"line":194,"column":3}},"locations":[{"start":{"line":192,"column":2},"end":{"line":194,"column":3}}]},"35":{"type":"branch","line":196,"loc":{"start":{"line":196,"column":2},"end":{"line":198,"column":3}},"locations":[{"start":{"line":196,"column":2},"end":{"line":198,"column":3}}]},"36":{"type":"branch","line":200,"loc":{"start":{"line":200,"column":2},"end":{"line":203,"column":3}},"locations":[{"start":{"line":200,"column":2},"end":{"line":203,"column":3}}]},"37":{"type":"branch","line":205,"loc":{"start":{"line":205,"column":2},"end":{"line":219,"column":3}},"locations":[{"start":{"line":205,"column":2},"end":{"line":219,"column":3}}]},"38":{"type":"branch","line":208,"loc":{"start":{"line":208,"column":26},"end":{"line":219,"column":2}},"locations":[{"start":{"line":208,"column":26},"end":{"line":219,"column":2}}]},"39":{"type":"branch","line":221,"loc":{"start":{"line":221,"column":2},"end":{"line":237,"column":3}},"locations":[{"start":{"line":221,"column":2},"end":{"line":237,"column":3}}]},"40":{"type":"branch","line":232,"loc":{"start":{"line":232,"column":27},"end":{"line":235,"column":5}},"locations":[{"start":{"line":232,"column":27},"end":{"line":235,"column":5}}]},"41":{"type":"branch","line":239,"loc":{"start":{"line":239,"column":2},"end":{"line":241,"column":3}},"locations":[{"start":{"line":239,"column":2},"end":{"line":241,"column":3}}]},"42":{"type":"branch","line":243,"loc":{"start":{"line":243,"column":2},"end":{"line":245,"column":3}},"locations":[{"start":{"line":243,"column":2},"end":{"line":245,"column":3}}]},"43":{"type":"branch","line":247,"loc":{"start":{"line":247,"column":2},"end":{"line":258,"column":3}},"locations":[{"start":{"line":247,"column":2},"end":{"line":258,"column":3}}]},"44":{"type":"branch","line":248,"loc":{"start":{"line":248,"column":46},"end":{"line":248,"column":50}},"locations":[{"start":{"line":248,"column":46},"end":{"line":248,"column":50}}]},"45":{"type":"branch","line":249,"loc":{"start":{"line":249,"column":45},"end":{"line":249,"column":49}},"locations":[{"start":{"line":249,"column":45},"end":{"line":249,"column":49}}]},"46":{"type":"branch","line":254,"loc":{"start":{"line":254,"column":27},"end":{"line":257,"column":5}},"locations":[{"start":{"line":254,"column":27},"end":{"line":257,"column":5}}]},"47":{"type":"branch","line":260,"loc":{"start":{"line":260,"column":2},"end":{"line":262,"column":3}},"locations":[{"start":{"line":260,"column":2},"end":{"line":262,"column":3}}]},"48":{"type":"branch","line":268,"loc":{"start":{"line":268,"column":2},"end":{"line":284,"column":3}},"locations":[{"start":{"line":268,"column":2},"end":{"line":284,"column":3}}]},"49":{"type":"branch","line":271,"loc":{"start":{"line":271,"column":24},"end":{"line":271,"column":31}},"locations":[{"start":{"line":271,"column":24},"end":{"line":271,"column":31}}]},"50":{"type":"branch","line":272,"loc":{"start":{"line":272,"column":-1},"end":{"line":277,"column":27}},"locations":[{"start":{"line":272,"column":-1},"end":{"line":277,"column":27}}]},"51":{"type":"branch","line":277,"loc":{"start":{"line":277,"column":27},"end":{"line":282,"column":5}},"locations":[{"start":{"line":277,"column":27},"end":{"line":282,"column":5}}]},"52":{"type":"branch","line":283,"loc":{"start":{"line":283,"column":-1},"end":{"line":284,"column":2}},"locations":[{"start":{"line":283,"column":-1},"end":{"line":284,"column":2}}]},"53":{"type":"branch","line":290,"loc":{"start":{"line":290,"column":2},"end":{"line":297,"column":3}},"locations":[{"start":{"line":290,"column":2},"end":{"line":297,"column":3}}]},"54":{"type":"branch","line":299,"loc":{"start":{"line":299,"column":2},"end":{"line":305,"column":3}},"locations":[{"start":{"line":299,"column":2},"end":{"line":305,"column":3}}]},"55":{"type":"branch","line":302,"loc":{"start":{"line":302,"column":38},"end":{"line":302,"column":68}},"locations":[{"start":{"line":302,"column":38},"end":{"line":302,"column":68}}]},"56":{"type":"branch","line":307,"loc":{"start":{"line":307,"column":2},"end":{"line":331,"column":3}},"locations":[{"start":{"line":307,"column":2},"end":{"line":331,"column":3}}]},"57":{"type":"branch","line":333,"loc":{"start":{"line":333,"column":2},"end":{"line":338,"column":3}},"locations":[{"start":{"line":333,"column":2},"end":{"line":338,"column":3}}]},"58":{"type":"branch","line":334,"loc":{"start":{"line":334,"column":21},"end":{"line":337,"column":5}},"locations":[{"start":{"line":334,"column":21},"end":{"line":337,"column":5}}]},"59":{"type":"branch","line":344,"loc":{"start":{"line":344,"column":2},"end":{"line":365,"column":3}},"locations":[{"start":{"line":344,"column":2},"end":{"line":365,"column":3}}]},"60":{"type":"branch","line":357,"loc":{"start":{"line":357,"column":30},"end":{"line":359,"column":5}},"locations":[{"start":{"line":357,"column":30},"end":{"line":359,"column":5}}]},"61":{"type":"branch","line":350,"loc":{"start":{"line":350,"column":38},"end":{"line":353,"column":6}},"locations":[{"start":{"line":350,"column":38},"end":{"line":353,"column":6}}]}},"b":{"0":[1],"1":[4],"2":[3],"3":[1],"4":[3],"5":[1],"6":[6],"7":[0],"8":[1],"9":[1],"10":[2],"11":[1],"12":[1],"13":[3],"14":[2],"15":[0],"16":[0],"17":[0],"18":[1],"19":[1],"20":[1],"21":[0],"22":[10],"23":[0],"24":[0],"25":[28],"26":[2],"27":[8],"28":[32],"29":[8],"30":[2],"31":[2],"32":[1],"33":[1],"34":[1],"35":[1],"36":[1],"37":[2],"38":[1],"39":[1],"40":[0],"41":[1],"42":[1],"43":[1],"44":[0],"45":[0],"46":[0],"47":[2],"48":[8],"49":[1],"50":[7],"51":[2],"52":[7],"53":[4],"54":[5],"55":[10],"56":[6],"57":[6],"58":[2],"59":[6],"60":[0],"61":[23]},"fnMap":{"0":{"name":"AudioManager","decl":{"start":{"line":8,"column":2},"end":{"line":16,"column":3}},"loc":{"start":{"line":8,"column":2},"end":{"line":16,"column":3}},"line":8},"1":{"name":"init","decl":{"start":{"line":18,"column":2},"end":{"line":39,"column":3}},"loc":{"start":{"line":18,"column":2},"end":{"line":39,"column":3}},"line":18},"2":{"name":"play","decl":{"start":{"line":41,"column":2},"end":{"line":46,"column":3}},"loc":{"start":{"line":41,"column":2},"end":{"line":46,"column":3}},"line":41},"3":{"name":"onLoad","decl":{"start":{"line":91,"column":2},"end":{"line":95,"column":3}},"loc":{"start":{"line":91,"column":2},"end":{"line":95,"column":3}},"line":91},"4":{"name":"onShow","decl":{"start":{"line":97,"column":2},"end":{"line":100,"column":3}},"loc":{"start":{"line":97,"column":2},"end":{"line":100,"column":3}},"line":97},"5":{"name":"onHide","decl":{"start":{"line":102,"column":2},"end":{"line":108,"column":3}},"loc":{"start":{"line":102,"column":2},"end":{"line":108,"column":3}},"line":102},"6":{"name":"onUnload","decl":{"start":{"line":110,"column":2},"end":{"line":112,"column":3}},"loc":{"start":{"line":110,"column":2},"end":{"line":112,"column":3}},"line":110},"7":{"name":"_loadState","decl":{"start":{"line":118,"column":2},"end":{"line":141,"column":3}},"loc":{"start":{"line":118,"column":2},"end":{"line":141,"column":3}},"line":118},"8":{"name":"_saveState","decl":{"start":{"line":143,"column":2},"end":{"line":153,"column":3}},"loc":{"start":{"line":143,"column":2},"end":{"line":153,"column":3}},"line":143},"9":{"name":"_getBeatCount","decl":{"start":{"line":158,"column":2},"end":{"line":160,"column":3}},"loc":{"start":{"line":158,"column":2},"end":{"line":160,"column":3}},"line":158},"10":{"name":"_updateBeats","decl":{"start":{"line":162,"column":2},"end":{"line":174,"column":3}},"loc":{"start":{"line":162,"column":2},"end":{"line":174,"column":3}},"line":162},"11":{"name":"onPlay","decl":{"start":{"line":180,"column":2},"end":{"line":186,"column":3}},"loc":{"start":{"line":180,"column":2},"end":{"line":186,"column":3}},"line":180},"12":{"name":"onBpmMinus","decl":{"start":{"line":188,"column":2},"end":{"line":190,"column":3}},"loc":{"start":{"line":188,"column":2},"end":{"line":190,"column":3}},"line":188},"13":{"name":"onBpmPlus","decl":{"start":{"line":192,"column":2},"end":{"line":194,"column":3}},"loc":{"start":{"line":192,"column":2},"end":{"line":194,"column":3}},"line":192},"14":{"name":"onBpmChange","decl":{"start":{"line":196,"column":2},"end":{"line":198,"column":3}},"loc":{"start":{"line":196,"column":2},"end":{"line":198,"column":3}},"line":196},"15":{"name":"onBpmChanging","decl":{"start":{"line":200,"column":2},"end":{"line":203,"column":3}},"loc":{"start":{"line":200,"column":2},"end":{"line":203,"column":3}},"line":200},"16":{"name":"onModeChange","decl":{"start":{"line":205,"column":2},"end":{"line":219,"column":3}},"loc":{"start":{"line":205,"column":2},"end":{"line":219,"column":3}},"line":205},"17":{"name":"onTimeSigChange","decl":{"start":{"line":221,"column":2},"end":{"line":237,"column":3}},"loc":{"start":{"line":221,"column":2},"end":{"line":237,"column":3}},"line":221},"18":{"name":"onCustomBeatsInput","decl":{"start":{"line":239,"column":2},"end":{"line":241,"column":3}},"loc":{"start":{"line":239,"column":2},"end":{"line":241,"column":3}},"line":239},"19":{"name":"onCustomUnitInput","decl":{"start":{"line":243,"column":2},"end":{"line":245,"column":3}},"loc":{"start":{"line":243,"column":2},"end":{"line":245,"column":3}},"line":243},"20":{"name":"onApplyCustom","decl":{"start":{"line":247,"column":2},"end":{"line":258,"column":3}},"loc":{"start":{"line":247,"column":2},"end":{"line":258,"column":3}},"line":247},"21":{"name":"onToggleSettings","decl":{"start":{"line":260,"column":2},"end":{"line":262,"column":3}},"loc":{"start":{"line":260,"column":2},"end":{"line":262,"column":3}},"line":260},"22":{"name":"_setBpm","decl":{"start":{"line":268,"column":2},"end":{"line":284,"column":3}},"loc":{"start":{"line":268,"column":2},"end":{"line":284,"column":3}},"line":268},"23":{"name":"_start","decl":{"start":{"line":290,"column":2},"end":{"line":297,"column":3}},"loc":{"start":{"line":290,"column":2},"end":{"line":297,"column":3}},"line":290},"24":{"name":"_stop","decl":{"start":{"line":299,"column":2},"end":{"line":305,"column":3}},"loc":{"start":{"line":299,"column":2},"end":{"line":305,"column":3}},"line":299},"25":{"name":"_startTick","decl":{"start":{"line":307,"column":2},"end":{"line":331,"column":3}},"loc":{"start":{"line":307,"column":2},"end":{"line":331,"column":3}},"line":307},"26":{"name":"_stopTick","decl":{"start":{"line":333,"column":2},"end":{"line":338,"column":3}},"loc":{"start":{"line":333,"column":2},"end":{"line":338,"column":3}},"line":333},"27":{"name":"_tick","decl":{"start":{"line":344,"column":2},"end":{"line":365,"column":3}},"loc":{"start":{"line":344,"column":2},"end":{"line":365,"column":3}},"line":344}},"f":{"0":1,"1":4,"2":6,"3":1,"4":1,"5":2,"6":1,"7":3,"8":10,"9":28,"10":8,"11":2,"12":1,"13":1,"14":1,"15":1,"16":2,"17":1,"18":1,"19":1,"20":1,"21":2,"22":8,"23":4,"24":5,"25":6,"26":6,"27":6}}
}
